INFO [2025-03-14 16:12:51] $x
INFO [2025-03-14 16:12:51] list(Monoterpenes = species_monoterpenes, Isoprene = species_isoprene)
INFO [2025-03-14 16:12:51] 
INFO [2025-03-14 16:12:51] $category.names
INFO [2025-03-14 16:12:51] c("Monoterpenes", "Isoprene")
INFO [2025-03-14 16:12:51] 
INFO [2025-03-14 16:12:51] $filename
INFO [2025-03-14 16:12:51] NULL
INFO [2025-03-14 16:12:51] 
INFO [2025-03-14 16:12:51] $output
INFO [2025-03-14 16:12:51] [1] TRUE
INFO [2025-03-14 16:12:51] 
INFO [2025-03-14 16:12:51] $height
INFO [2025-03-14 16:12:51] [1] 480
INFO [2025-03-14 16:12:51] 
INFO [2025-03-14 16:12:51] $width
INFO [2025-03-14 16:12:51] [1] 480
INFO [2025-03-14 16:12:51] 
INFO [2025-03-14 16:12:51] $resolution
INFO [2025-03-14 16:12:51] [1] 300
INFO [2025-03-14 16:12:51] 
INFO [2025-03-14 16:12:51] $col
INFO [2025-03-14 16:12:51] c("skyblue", "pink")
INFO [2025-03-14 16:12:51] 
INFO [2025-03-14 16:12:51] $fill
INFO [2025-03-14 16:12:51] c(scales::alpha("skyblue", 0.5), scales::alpha("pink", 0.5))
INFO [2025-03-14 16:12:51] 
INFO [2025-03-14 16:12:51] $fontfamily
INFO [2025-03-14 16:12:51] [1] "sans"
INFO [2025-03-14 16:12:51] 
INFO [2025-03-14 16:12:51] $cat.cex
INFO [2025-03-14 16:12:51] [1] 0.8
INFO [2025-03-14 16:12:51] 
INFO [2025-03-14 16:12:51] $cat.fontfamily
INFO [2025-03-14 16:12:51] [1] "sans"
INFO [2025-03-14 16:12:51] 
INFO [2025-03-14 16:12:51] $cat.col
INFO [2025-03-14 16:12:51] c("black", "black")
INFO [2025-03-14 16:12:51] 
INFO [2025-03-14 16:12:51] $cat.dist
INFO [2025-03-14 16:12:51] c(0.07, 0.07)
INFO [2025-03-14 16:12:51] 
INFO [2025-03-14 16:12:51] $margin
INFO [2025-03-14 16:12:51] [1] 0.05
INFO [2025-03-14 16:12:51] 
