INFO [2025-03-06 10:37:03] $x
INFO [2025-03-06 10:37:03] list(Monoterpenes = species_monoterpenes, Isoprene = species_isoprene)
INFO [2025-03-06 10:37:03] 
INFO [2025-03-06 10:37:03] $category.names
INFO [2025-03-06 10:37:03] c("Monoterpenes", "Isoprene")
INFO [2025-03-06 10:37:03] 
INFO [2025-03-06 10:37:03] $filename
INFO [2025-03-06 10:37:03] NULL
INFO [2025-03-06 10:37:03] 
INFO [2025-03-06 10:37:03] $output
INFO [2025-03-06 10:37:03] [1] TRUE
INFO [2025-03-06 10:37:03] 
INFO [2025-03-06 10:37:03] $height
INFO [2025-03-06 10:37:03] [1] 480
INFO [2025-03-06 10:37:03] 
INFO [2025-03-06 10:37:03] $width
INFO [2025-03-06 10:37:03] [1] 480
INFO [2025-03-06 10:37:03] 
INFO [2025-03-06 10:37:03] $resolution
INFO [2025-03-06 10:37:03] [1] 300
INFO [2025-03-06 10:37:03] 
INFO [2025-03-06 10:37:03] $col
INFO [2025-03-06 10:37:03] c("skyblue", "pink")
INFO [2025-03-06 10:37:03] 
INFO [2025-03-06 10:37:03] $fill
INFO [2025-03-06 10:37:03] c(scales::alpha("skyblue", 0.5), scales::alpha("pink", 0.5))
INFO [2025-03-06 10:37:03] 
INFO [2025-03-06 10:37:03] $fontfamily
INFO [2025-03-06 10:37:03] [1] "sans"
INFO [2025-03-06 10:37:03] 
INFO [2025-03-06 10:37:03] $cat.cex
INFO [2025-03-06 10:37:03] [1] 0.8
INFO [2025-03-06 10:37:03] 
INFO [2025-03-06 10:37:03] $cat.fontfamily
INFO [2025-03-06 10:37:03] [1] "sans"
INFO [2025-03-06 10:37:03] 
INFO [2025-03-06 10:37:03] $cat.col
INFO [2025-03-06 10:37:03] c("black", "black")
INFO [2025-03-06 10:37:03] 
INFO [2025-03-06 10:37:03] $cat.dist
INFO [2025-03-06 10:37:03] c(0.07, 0.07)
INFO [2025-03-06 10:37:03] 
INFO [2025-03-06 10:37:03] $margin
INFO [2025-03-06 10:37:03] [1] 0.05
INFO [2025-03-06 10:37:03] 
