INFO [2025-03-06 10:28:46] $x
INFO [2025-03-06 10:28:46] list(Monoterpenes = species_monoterpenes, Isoprene = species_isoprene)
INFO [2025-03-06 10:28:46] 
INFO [2025-03-06 10:28:46] $category.names
INFO [2025-03-06 10:28:46] c("Monoterpenes", "Isoprene")
INFO [2025-03-06 10:28:46] 
INFO [2025-03-06 10:28:46] $filename
INFO [2025-03-06 10:28:46] NULL
INFO [2025-03-06 10:28:46] 
INFO [2025-03-06 10:28:46] $output
INFO [2025-03-06 10:28:46] [1] TRUE
INFO [2025-03-06 10:28:46] 
INFO [2025-03-06 10:28:46] $height
INFO [2025-03-06 10:28:46] [1] 480
INFO [2025-03-06 10:28:46] 
INFO [2025-03-06 10:28:46] $width
INFO [2025-03-06 10:28:46] [1] 480
INFO [2025-03-06 10:28:46] 
INFO [2025-03-06 10:28:46] $resolution
INFO [2025-03-06 10:28:46] [1] 300
INFO [2025-03-06 10:28:46] 
INFO [2025-03-06 10:28:46] $col
INFO [2025-03-06 10:28:46] c("skyblue", "pink")
INFO [2025-03-06 10:28:46] 
INFO [2025-03-06 10:28:46] $fill
INFO [2025-03-06 10:28:46] c(scales::alpha("skyblue", 0.5), scales::alpha("pink", 0.5))
INFO [2025-03-06 10:28:46] 
INFO [2025-03-06 10:28:46] $fontfamily
INFO [2025-03-06 10:28:46] [1] "sans"
INFO [2025-03-06 10:28:46] 
INFO [2025-03-06 10:28:46] $cat.cex
INFO [2025-03-06 10:28:46] [1] 0.8
INFO [2025-03-06 10:28:46] 
INFO [2025-03-06 10:28:46] $cat.fontfamily
INFO [2025-03-06 10:28:46] [1] "sans"
INFO [2025-03-06 10:28:46] 
INFO [2025-03-06 10:28:46] $cat.col
INFO [2025-03-06 10:28:46] c("black", "black")
INFO [2025-03-06 10:28:46] 
INFO [2025-03-06 10:28:46] $cat.dist
INFO [2025-03-06 10:28:46] c(0.07, 0.07)
INFO [2025-03-06 10:28:46] 
INFO [2025-03-06 10:28:46] $margin
INFO [2025-03-06 10:28:46] [1] 0.05
INFO [2025-03-06 10:28:46] 
