INFO [2025-03-06 10:24:12] $x
INFO [2025-03-06 10:24:12] list(Monoterpenes = species_monoterpenes, Isoprene = species_isoprene)
INFO [2025-03-06 10:24:12] 
INFO [2025-03-06 10:24:12] $category.names
INFO [2025-03-06 10:24:12] c("Monoterpenes", "Isoprene")
INFO [2025-03-06 10:24:12] 
INFO [2025-03-06 10:24:12] $filename
INFO [2025-03-06 10:24:12] NULL
INFO [2025-03-06 10:24:12] 
INFO [2025-03-06 10:24:12] $output
INFO [2025-03-06 10:24:12] [1] TRUE
INFO [2025-03-06 10:24:12] 
INFO [2025-03-06 10:24:12] $height
INFO [2025-03-06 10:24:12] [1] 480
INFO [2025-03-06 10:24:12] 
INFO [2025-03-06 10:24:12] $width
INFO [2025-03-06 10:24:12] [1] 480
INFO [2025-03-06 10:24:12] 
INFO [2025-03-06 10:24:12] $resolution
INFO [2025-03-06 10:24:12] [1] 300
INFO [2025-03-06 10:24:12] 
INFO [2025-03-06 10:24:12] $col
INFO [2025-03-06 10:24:12] c("skyblue", "pink")
INFO [2025-03-06 10:24:12] 
INFO [2025-03-06 10:24:12] $fill
INFO [2025-03-06 10:24:12] c(scales::alpha("skyblue", 0.5), scales::alpha("pink", 0.5))
INFO [2025-03-06 10:24:12] 
INFO [2025-03-06 10:24:12] $fontfamily
INFO [2025-03-06 10:24:12] [1] "sans"
INFO [2025-03-06 10:24:12] 
INFO [2025-03-06 10:24:12] $cat.cex
INFO [2025-03-06 10:24:12] [1] 0.8
INFO [2025-03-06 10:24:12] 
INFO [2025-03-06 10:24:12] $cat.fontfamily
INFO [2025-03-06 10:24:12] [1] "sans"
INFO [2025-03-06 10:24:12] 
INFO [2025-03-06 10:24:12] $cat.col
INFO [2025-03-06 10:24:12] c("black", "black")
INFO [2025-03-06 10:24:12] 
INFO [2025-03-06 10:24:12] $cat.dist
INFO [2025-03-06 10:24:12] c(0.07, 0.07)
INFO [2025-03-06 10:24:12] 
INFO [2025-03-06 10:24:12] $margin
INFO [2025-03-06 10:24:12] [1] 0.05
INFO [2025-03-06 10:24:12] 
ERROR [2025-03-06 10:24:12] NAs in dataset
