INFO [2025-03-06 10:28:08] $x
INFO [2025-03-06 10:28:08] list(Monoterpenes = species_monoterpenes, Isoprene = species_isoprene)
INFO [2025-03-06 10:28:08] 
INFO [2025-03-06 10:28:08] $category.names
INFO [2025-03-06 10:28:08] c("Monoterpenes", "Isoprene")
INFO [2025-03-06 10:28:08] 
INFO [2025-03-06 10:28:08] $filename
INFO [2025-03-06 10:28:08] NULL
INFO [2025-03-06 10:28:08] 
INFO [2025-03-06 10:28:08] $output
INFO [2025-03-06 10:28:08] [1] TRUE
INFO [2025-03-06 10:28:08] 
INFO [2025-03-06 10:28:08] $height
INFO [2025-03-06 10:28:08] [1] 480
INFO [2025-03-06 10:28:08] 
INFO [2025-03-06 10:28:08] $width
INFO [2025-03-06 10:28:08] [1] 480
INFO [2025-03-06 10:28:08] 
INFO [2025-03-06 10:28:08] $resolution
INFO [2025-03-06 10:28:08] [1] 300
INFO [2025-03-06 10:28:08] 
INFO [2025-03-06 10:28:08] $col
INFO [2025-03-06 10:28:08] c("skyblue", "pink")
INFO [2025-03-06 10:28:08] 
INFO [2025-03-06 10:28:08] $fill
INFO [2025-03-06 10:28:08] c(scales::alpha("skyblue", 0.5), scales::alpha("pink", 0.5))
INFO [2025-03-06 10:28:08] 
INFO [2025-03-06 10:28:08] $fontfamily
INFO [2025-03-06 10:28:08] [1] "sans"
INFO [2025-03-06 10:28:08] 
INFO [2025-03-06 10:28:08] $cat.cex
INFO [2025-03-06 10:28:08] [1] 0.8
INFO [2025-03-06 10:28:08] 
INFO [2025-03-06 10:28:08] $cat.fontfamily
INFO [2025-03-06 10:28:08] [1] "sans"
INFO [2025-03-06 10:28:08] 
INFO [2025-03-06 10:28:08] $cat.col
INFO [2025-03-06 10:28:08] c("black", "black")
INFO [2025-03-06 10:28:08] 
INFO [2025-03-06 10:28:08] $cat.dist
INFO [2025-03-06 10:28:08] c(0.07, 0.07)
INFO [2025-03-06 10:28:08] 
INFO [2025-03-06 10:28:08] $margin
INFO [2025-03-06 10:28:08] [1] 0.05
INFO [2025-03-06 10:28:08] 
